
> frontend@0.1.0 dev
> next dev

⚠ Warning: Next.js inferred your workspace root, but it may not be correct.
 We detected multiple lockfiles and selected the directory of /Users/gugansaravanan/package-lock.json as the root directory.
 To silence this warning, set `turbopack.root` in your Next.js config, or consider removing one of the lockfiles if it's not needed.
   See https://nextjs.org/docs/app/api-reference/config/next-config-js/turbopack#root-directory for more information.
 Detected additional lockfiles: 
   * /Users/gugansaravanan/Desktop/nanda/frontend/package-lock.json

▲ Next.js 16.1.6 (Turbopack)
- Local:         http://localhost:3000
- Network:       http://192.168.137.149:3000

✓ Starting...
✓ Ready in 451ms
 GET / 200 in 516ms (compile: 345ms, render: 171ms)
 GET /upload 200 in 586ms (compile: 560ms, render: 26ms)
 GET /analysis 200 in 151ms (compile: 120ms, render: 30ms)
 GET /compare 200 in 128ms (compile: 109ms, render: 18ms)
 GET /negotiate 200 in 64ms (compile: 43ms, render: 22ms)
 GET /compare 200 in 27ms (compile: 4ms, render: 22ms)
 GET / 200 in 22ms (compile: 5ms, render: 16ms)
 GET /compare 200 in 25ms (compile: 4ms, render: 22ms)
 GET / 200 in 26ms (compile: 6ms, render: 20ms)
 GET /upload 200 in 26ms (compile: 9ms, render: 16ms)
 GET / 200 in 35ms (compile: 12ms, render: 23ms)
 GET /analysis 200 in 28ms (compile: 8ms, render: 20ms)
 GET /upload 200 in 25ms (compile: 5ms, render: 20ms)
 GET /compare 200 in 30ms (compile: 5ms, render: 25ms)
 GET /analysis 200 in 24ms (compile: 3ms, render: 21ms)
 GET /upload 200 in 24ms (compile: 3ms, render: 21ms)
 GET / 200 in 42ms (compile: 14ms, render: 27ms)
 GET /compare 200 in 25ms (compile: 5ms, render: 20ms)
 GET /negotiate 200 in 28ms (compile: 5ms, render: 22ms)
 GET /audit 200 in 79ms (compile: 60ms, render: 19ms)
 GET / 200 in 29ms (compile: 9ms, render: 20ms)
 GET /compare 200 in 30ms (compile: 5ms, render: 25ms)
 GET / 200 in 29ms (compile: 5ms, render: 23ms)
✓ Compiled in 74ms
 GET /upload 200 in 142ms (compile: 97ms, render: 44ms)
✓ Compiled in 148ms
 GET /upload 200 in 166ms (compile: 8ms, render: 159ms)
 GET / 200 in 32ms (compile: 6ms, render: 27ms)
 GET /upload 200 in 28ms (compile: 5ms, render: 22ms)
 GET / 200 in 38ms (compile: 14ms, render: 24ms)
 GET /upload 200 in 43ms (compile: 10ms, render: 34ms)
 GET /compare 200 in 165ms (compile: 110ms, render: 55ms)
 GET /negotiate 200 in 24ms (compile: 8ms, render: 16ms)
 GET /upload 200 in 105ms (compile: 24ms, render: 82ms)
 GET / 200 in 27ms (compile: 7ms, render: 19ms)
 GET /compare 200 in 27ms (compile: 4ms, render: 23ms)
 GET / 200 in 29ms (compile: 7ms, render: 22ms)
 GET /compare 200 in 21ms (compile: 4ms, render: 17ms)
 GET / 200 in 19ms (compile: 4ms, render: 15ms)
 GET /upload 200 in 19ms (compile: 5ms, render: 14ms)
 GET /compare 200 in 294ms (compile: 6ms, render: 288ms)
 GET /analysis 200 in 24ms (compile: 7ms, render: 17ms)
 GET /upload 200 in 35ms (compile: 8ms, render: 27ms)
 GET / 200 in 19ms (compile: 3ms, render: 16ms)
 GET /upload 200 in 18ms (compile: 3ms, render: 16ms)
 GET /analysis 200 in 31ms (compile: 8ms, render: 23ms)
 GET /upload 200 in 49ms (compile: 5ms, render: 44ms)
 GET /compare 200 in 111ms (compile: 37ms, render: 74ms)
✓ Compiled in 121ms
 GET / 200 in 32ms (compile: 11ms, render: 20ms)
 GET /upload 200 in 127ms (compile: 73ms, render: 54ms)
 GET /upload 200 in 323ms (compile: 55ms, render: 268ms)
 GET /analysis 200 in 86ms (compile: 32ms, render: 54ms)
 GET /upload 200 in 34ms (compile: 7ms, render: 27ms)
 GET / 200 in 37ms (compile: 10ms, render: 28ms)
 GET /upload 200 in 19ms (compile: 3ms, render: 16ms)
 GET /analysis 200 in 27ms (compile: 5ms, render: 22ms)
 GET /compare 200 in 46ms (compile: 10ms, render: 36ms)
 GET /upload 200 in 42ms (compile: 15ms, render: 28ms)
 GET /analysis 200 in 31ms (compile: 6ms, render: 25ms)
 GET / 200 in 72ms (compile: 28ms, render: 44ms)
 GET /upload 200 in 27ms (compile: 7ms, render: 20ms)
 GET /compare 200 in 48ms (compile: 14ms, render: 34ms)
 GET / 200 in 39ms (compile: 9ms, render: 30ms)
 GET /upload 200 in 17ms (compile: 4ms, render: 13ms)
 GET /compare 200 in 48ms (compile: 17ms, render: 31ms)
 GET /compare 200 in 151ms (compile: 52ms, render: 99ms)
 GET / 200 in 29ms (compile: 7ms, render: 22ms)
 GET /upload 200 in 21ms (compile: 7ms, render: 14ms)
 GET /compare 200 in 41ms (compile: 16ms, render: 25ms)
 GET / 200 in 45ms (compile: 13ms, render: 32ms)
 GET /upload 200 in 37ms (compile: 6ms, render: 31ms)
 GET /compare 200 in 51ms (compile: 14ms, render: 37ms)
 GET / 200 in 48ms (compile: 18ms, render: 30ms)
 GET /upload 200 in 28ms (compile: 7ms, render: 22ms)
 GET /compare 200 in 36ms (compile: 8ms, render: 29ms)
 GET /negotiate 200 in 25ms (compile: 11ms, render: 15ms)
 GET /audit 200 in 32ms (compile: 8ms, render: 24ms)
 GET /compare 200 in 22ms (compile: 7ms, render: 15ms)
 GET /upload 200 in 30ms (compile: 6ms, render: 23ms)
 GET /analysis 200 in 27ms (compile: 6ms, render: 22ms)
 GET /upload 200 in 34ms (compile: 10ms, render: 23ms)
 GET /compare 200 in 35ms (compile: 8ms, render: 27ms)
 GET /analysis 200 in 46ms (compile: 14ms, render: 32ms)
 GET / 200 in 35ms (compile: 11ms, render: 24ms)
 GET /compare 200 in 33ms (compile: 6ms, render: 27ms)
 GET /negotiate 200 in 28ms (compile: 7ms, render: 22ms)
 GET /analysis 200 in 44ms (compile: 12ms, render: 32ms)
 GET /negotiate 200 in 27ms (compile: 10ms, render: 18ms)
 GET / 200 in 52ms (compile: 15ms, render: 37ms)
 GET /upload 200 in 22ms (compile: 5ms, render: 17ms)
✓ Compiled in 132ms
✓ Compiled in 55ms
 GET /compare 200 in 44ms (compile: 11ms, render: 33ms)
 GET /negotiate 200 in 184ms (compile: 117ms, render: 67ms)
 GET /negotiate 200 in 286ms (compile: 12ms, render: 274ms)
 GET / 200 in 41ms (compile: 11ms, render: 30ms)
 GET /upload 200 in 22ms (compile: 4ms, render: 17ms)
 GET /upload 200 in 116ms (compile: 14ms, render: 102ms)
 GET /compare 200 in 48ms (compile: 12ms, render: 36ms)
 GET /analysis 200 in 231ms (compile: 112ms, render: 119ms)
 GET /negotiate 200 in 34ms (compile: 11ms, render: 24ms)
 GET / 200 in 31ms (compile: 8ms, render: 22ms)
 GET /upload 200 in 30ms (compile: 6ms, render: 24ms)
 GET /analysis 200 in 32ms (compile: 7ms, render: 26ms)
 GET / 200 in 24ms (compile: 3ms, render: 21ms)
 GET /upload 200 in 24ms (compile: 3ms, render: 21ms)
 GET /analysis 200 in 40ms (compile: 12ms, render: 28ms)
 GET /compare 200 in 61ms (compile: 16ms, render: 45ms)
 GET /negotiate 200 in 29ms (compile: 6ms, render: 22ms)
 GET /audit 200 in 33ms (compile: 11ms, render: 22ms)
 GET /upload 200 in 48ms (compile: 12ms, render: 35ms)
 GET / 200 in 28ms (compile: 7ms, render: 21ms)
 GET /compare 200 in 27ms (compile: 5ms, render: 21ms)
 GET /analysis 200 in 27ms (compile: 6ms, render: 21ms)
 GET /upload 200 in 27ms (compile: 8ms, render: 19ms)
 GET /analysis 200 in 26ms (compile: 4ms, render: 23ms)
 GET / 200 in 24ms (compile: 6ms, render: 18ms)
 GET /compare 200 in 17ms (compile: 3ms, render: 14ms)
 GET /analysis 200 in 30ms (compile: 7ms, render: 23ms)
 GET /negotiate 200 in 30ms (compile: 6ms, render: 24ms)
 GET /analysis 200 in 24ms (compile: 4ms, render: 20ms)
 GET /upload 200 in 30ms (compile: 6ms, render: 24ms)
 GET / 200 in 38ms (compile: 15ms, render: 23ms)
 GET /upload 200 in 26ms (compile: 10ms, render: 16ms)
 GET / 200 in 26ms (compile: 7ms, render: 19ms)
 GET /upload 200 in 42ms (compile: 17ms, render: 25ms)
 GET /compare 200 in 41ms (compile: 12ms, render: 28ms)
✓ Compiled in 122ms
✓ Compiled in 36ms
 GET /negotiate 200 in 70ms (compile: 24ms, render: 46ms)
 GET / 200 in 64ms (compile: 16ms, render: 48ms)
 GET / 200 in 81ms (compile: 13ms, render: 68ms)
 GET / 200 in 55ms (compile: 3ms, render: 52ms)
 GET /upload 200 in 29ms (compile: 7ms, render: 22ms)
 GET /compare 200 in 192ms (compile: 106ms, render: 86ms)
✓ Compiled in 173ms
 GET /compare 200 in 445ms (compile: 156ms, render: 288ms)
 GET /audit 200 in 28ms (compile: 7ms, render: 21ms)
 GET / 200 in 37ms (compile: 20ms, render: 16ms)
 GET / 200 in 51ms (compile: 7ms, render: 44ms)
 GET /upload 200 in 59ms (compile: 13ms, render: 46ms)
 GET /compare 200 in 106ms (compile: 37ms, render: 69ms)
 GET /analysis 200 in 177ms (compile: 131ms, render: 45ms)
 GET /compare 200 in 28ms (compile: 7ms, render: 21ms)
 GET /negotiate 200 in 32ms (compile: 6ms, render: 26ms)
 GET /audit 200 in 28ms (compile: 5ms, render: 23ms)
 GET /negotiate 200 in 27ms (compile: 5ms, render: 22ms)
 GET /analysis 200 in 30ms (compile: 5ms, render: 24ms)
✓ Compiled in 230ms
 GET /analysis 200 in 211ms (compile: 31ms, render: 180ms)
 GET /audit 200 in 34ms (compile: 6ms, render: 27ms)
 GET / 200 in 69ms (compile: 36ms, render: 34ms)
 GET /upload 200 in 201ms (compile: 121ms, render: 80ms)
 GET /audit 200 in 55ms (compile: 12ms, render: 43ms)
 GET /analysis 200 in 47ms (compile: 14ms, render: 33ms)
 GET /negotiate 200 in 31ms (compile: 6ms, render: 24ms)
 GET /compare 200 in 32ms (compile: 5ms, render: 27ms)
 GET / 200 in 27ms (compile: 4ms, render: 22ms)
 GET /upload 200 in 46ms (compile: 11ms, render: 35ms)
 GET /compare 200 in 51ms (compile: 15ms, render: 36ms)
 GET /upload 200 in 48ms (compile: 13ms, render: 35ms)
